<?xml version="1.0" encoding="UTF-8"?>
<!-- Generated by org.testng.reporters.JUnitReportReporter -->
<testsuite hostname="DESKTOP-1QASA0A" failures="0" tests="6" name="com.flipkart.qa.testcases.SearchPageFKTest" time="58.930" errors="0" timestamp="2020-06-26T16:40:48 IST" skipped="0">
  <testcase classname="com.flipkart.qa.testcases.SearchPageFKTest" name="verifyClickOnCloseBtnTest" time="0.890"/>
  <system-out/>
  <testcase classname="com.flipkart.qa.testcases.SearchPageFKTest" name="verifyHoverAndClickOnElectronicsTest" time="0.516"/>
  <system-out/>
  <testcase classname="com.flipkart.qa.testcases.SearchPageFKTest" name="verifyClickOnSamsungNavBtnTest" time="0.485"/>
  <system-out/>
  <testcase classname="com.flipkart.qa.testcases.SearchPageFKTest" name="verifySearchFunctionality" time="23.447"/>
  <system-out/>
  <testcase classname="com.flipkart.qa.testcases.SearchPageFKTest" name="verifyCompareBtnClick" time="0.371"/>
  <system-out/>
  <testcase classname="com.flipkart.qa.testcases.SearchPageFKTest" name="verifyComparePhones" time="33.221"/>
  <system-out/>
</testsuite> <!-- com.flipkart.qa.testcases.SearchPageFKTest -->
