<?xml version="1.0" encoding="UTF-8"?>
<!-- Generated by org.testng.reporters.JUnitReportReporter -->
<testsuite hostname="DESKTOP-1QASA0A" failures="0" tests="1" name="com.flipkart.qa.testcases.HomePageFKTest" time="0.632" errors="0" timestamp="2020-06-18T19:11:07 IST" skipped="0">
  <testcase classname="com.flipkart.qa.testcases.HomePageFKTest" name="verifyElectronicsSectionClick" time="0.632"/>
  <system-out/>
</testsuite> <!-- com.flipkart.qa.testcases.HomePageFKTest -->
